13:30:44.715 [JavaFX Application Thread] DEBUG GameApplication      - Logger initialized
13:30:44.736 [JavaFX Application Thread] DEBUG GameApplication      - Logging settings
Title: Luigi
Version: 0.0
Width: 1050
Height: 700
Fullscreen: false
Intro: false
Menus: false
Profiling: false
Single step:false
App Mode: DEVELOPER
Menu Key: ESCAPE
Stage Style: DECORATED
Scene Factory: class com.almasb.fxgl.scene.SceneFactory
Dialog Factory: class com.almasb.fxgl.ui.FXGLDialogFactory
UI Factory: class com.almasb.fxgl.ui.FXGLUIFactory
Notification Service: class com.almasb.fxgl.gameplay.notification.XboxNotificationView
Exception Handler: class com.almasb.fxgl.app.FXGLExceptionHandler
13:30:44.736 [JavaFX Application Thread] DEBUG GameApplication      - Starting FXGL
13:30:44.759 [JavaFX Application Thread] INFO  FXGL                 - FXGL-0.5.4 on DESKTOP
13:30:44.759 [JavaFX Application Thread] INFO  FXGL                 - Source code and latest versions at: https://github.com/AlmasB/FXGL
13:30:44.760 [JavaFX Application Thread] INFO  FXGL                 -              Join the FXGL chat at: https://gitter.im/AlmasB/FXGL
13:30:44.760 [JavaFX Application Thread] DEBUG FXGL                 - FXGL started
13:30:44.761 [JavaFX Application Thread] DEBUG FXGL                 - Initializing FXGL
13:30:44.858 [JavaFX Application Thread] DEBUG AssetLoader          - Loading from disk: /assets/ui/cursors/fxgl_default.png
13:30:45.082 [JavaFX Application Thread] DEBUG AssetLoader          - Loading from disk: /assets/ui/fonts/VarelaRound-Regular.ttf
13:30:45.518 [JavaFX Application Thread] DEBUG MainWindow           - Creating a JavaFX scene
13:30:45.597 [JavaFX Application Thread] DEBUG MainWindow           - Target settings size: 1050.0 x 700.0
13:30:45.597 [JavaFX Application Thread] DEBUG MainWindow           - Scaled scene size:    1050.0 x 700.0
13:30:45.598 [JavaFX Application Thread] DEBUG MainWindow           - Scaled ratio: (1.0, 1.0)
13:30:45.603 [JavaFX Application Thread] DEBUG AssetLoader          - Loading from disk: /assets/ui/css/fxgl_dark.css
13:30:45.610 [JavaFX Application Thread] DEBUG AssetLoader          - Loading from disk: /assets/textures/fxgl_icon.png
13:30:45.659 [JavaFX Application Thread] DEBUG MainWindow           - Opening main window
13:30:45.946 [JavaFX Application Thread] DEBUG MainWindow           - Window border size: (16.0, 39.0)
13:30:45.947 [JavaFX Application Thread] DEBUG MainWindow           - Scaled size: 1050.0 x 700.0
13:30:45.947 [JavaFX Application Thread] DEBUG MainWindow           - Scaled ratio: (1.0, 1.0)
13:30:45.947 [JavaFX Application Thread] DEBUG MainWindow           - Scene size: 1050.0 x 700.0
13:30:45.948 [JavaFX Application Thread] DEBUG MainWindow           - Stage size: 1066.0 x 739.0
13:30:46.051 [ForkJoinPool.commonPool-worker-9] DEBUG FS                   - Loaded DesktopFSService
13:30:46.053 [ForkJoinPool.commonPool-worker-9] DEBUG FXGL                 - Loading FXGL system data
13:30:46.067 [ForkJoinPool.commonPool-worker-9] DEBUG DesktopFSService     - Reading from: system\fxgl.bundle
13:30:46.097 [ForkJoinPool.commonPool-worker-9] DEBUG Bundle               - Logging bundle: FXGL
13:30:46.099 [ForkJoinPool.commonPool-worker-9] DEBUG Bundle               - FXGL.offline.timer.version.check=2019-01-09T12:55:47.785124200
13:30:46.101 [ForkJoinPool.commonPool-worker-9] DEBUG FXGL                 - Initializing state machine and application states
13:30:46.106 [ForkJoinPool.commonPool-worker-9] DEBUG AssetLoader          - Loading from disk: /assets/ui/cursors/fxgl_default.png
13:30:46.120 [ForkJoinPool.commonPool-worker-9] DEBUG AssetLoader          - Loading from disk: /assets/ui/cursors/fxgl_default.png
13:30:46.134 [ForkJoinPool.commonPool-worker-9] DEBUG AssetLoader          - Loading from cache: /assets/ui/fonts/VarelaRound-Regular.ttf
13:30:46.140 [ForkJoinPool.commonPool-worker-9] DEBUG AssetLoader          - Loading from disk: /assets/ui/cursors/fxgl_default.png
13:30:46.146 [ForkJoinPool.commonPool-worker-9] DEBUG GameScene            - Game scene initialized: 1050x700
13:30:46.155 [ForkJoinPool.commonPool-worker-9] DEBUG GameWorld            - Game world initialized
13:30:46.281 [ForkJoinPool.commonPool-worker-9] DEBUG PhysicsWorld         - Physics world initialized: appHeight=700, physics.ppm=50,0
13:30:46.321 [ForkJoinPool.commonPool-worker-9] DEBUG Input                - Registered new binding: Pause - Esc
13:30:46.442 [JavaFX Application Thread] DEBUG FXGL                 - Running preInit()
13:30:46.445 [JavaFX Application Thread] DEBUG Input                - Registered new binding: Screenshot - P
13:30:46.446 [JavaFX Application Thread] DEBUG Input                - Registered new binding: Dev Options - CTRL+0
13:30:46.446 [JavaFX Application Thread] DEBUG Input                - Registered new binding: System info dump - CTRL+9
13:30:46.447 [JavaFX Application Thread] DEBUG Input                - Registered new binding: Restart - CTRL+R
13:30:46.449 [JavaFX Application Thread] INFO  FXGL                 - FXGL initialization took: 1,687 sec
13:30:46.449 [JavaFX Application Thread] DEBUG LoopRunner           - Starting loop
13:30:46.453 [JavaFX Application Thread] DEBUG StartupState         - STARTUP
13:30:46.453 [JavaFX Application Thread] DEBUG GameApplication      - Starting new game
13:30:46.453 [JavaFX Application Thread] DEBUG Input                - Clearing active input actions
13:30:46.456 [JavaFX Application Thread] DEBUG AssetLoader          - Loading from disk: /assets/ui/css/fxgl_dark.css
13:30:46.470 [JavaFX Application Thread] DEBUG AppStateMachine      - StartupState -> LoadingState
13:30:46.477 [FXGL Background Thread 1 ] DEBUG InitAppTask          - Clearing previous game
13:30:46.477 [FXGL Background Thread 1 ] DEBUG GameWorld            - Clearing game world
13:30:46.477 [FXGL Background Thread 1 ] DEBUG PhysicsWorld         - Clearing physics world
13:30:46.478 [FXGL Background Thread 1 ] DEBUG GameScene            - Clearing game scene
13:30:46.480 [FXGL Background Thread 1 ] DEBUG InitAppTask          - Initializing Game
13:30:46.514 [FXGL Background Thread 1 ] DEBUG InitAppTask          - Initializing Physics
13:30:46.514 [FXGL Background Thread 1 ] DEBUG InitAppTask          - Initializing UI
13:30:46.515 [FXGL Background Thread 1 ] DEBUG InitAppTask          - Initialization Complete
13:30:46.515 [FXGL Background Thread 1 ] INFO  InitAppTask          - Game initialization took: 0,038 sec
13:30:46.544 [JavaFX Application Thread] DEBUG Input                - Clearing active input actions
13:30:46.544 [JavaFX Application Thread] DEBUG AssetLoader          - Loading from disk: /assets/ui/css/fxgl_dark.css
13:30:46.557 [JavaFX Application Thread] DEBUG AppStateMachine      - LoadingState -> PlayState
13:30:51.520 [JavaFX Application Thread] DEBUG FXGL                 - Exiting FXGL
13:30:51.520 [JavaFX Application Thread] DEBUG FXGL                 - Shutting down background threads
13:30:51.521 [JavaFX Application Thread] DEBUG FXGL                 - Saving FXGL system data
13:30:51.526 [JavaFX Application Thread] DEBUG DesktopFSService     - Writing to: system\fxgl.bundle
13:30:51.540 [JavaFX Application Thread] DEBUG FXGL                 - Closing logger and exiting JavaFX
